<?xml version="1.0" encoding="UTF-8"?>
<!-- Generated by org.testng.reporters.JUnitReportReporter -->
<testsuite hostname="Shashanks-MBP" failures="0" tests="1" name="stepDefinitions.exceltest" time="2.870" errors="0" timestamp="2025-06-12T10:18:27 EDT" skipped="0">
  <testcase classname="stepDefinitions.exceltest" name="read_firstName_fromExcel" time="2.870"/>
</testsuite> <!-- stepDefinitions.exceltest -->
