<?xml version="1.0" encoding="UTF-8"?>
<!-- Generated by org.testng.reporters.JUnitReportReporter -->
<testsuite hostname="Shashanks-MBP" failures="0" tests="1" name="stepDefinitions.GetUser_final" time="3.772" errors="0" timestamp="2025-06-11T17:43:30 EDT" skipped="0">
  <testcase classname="stepDefinitions.GetUser_final" name="getUsermanually" time="3.772"/>
</testsuite> <!-- stepDefinitions.GetUser_final -->
