<?xml version="1.0" encoding="UTF-8"?>
<!-- Generated by org.testng.reporters.JUnitReportReporter -->
<testsuite hostname="Shashanks-MBP" failures="0" tests="1" name="stepDefinitions.DeleteUser" time="1.791" errors="0" timestamp="2025-06-12T09:38:28 EDT" skipped="0">
  <testcase classname="stepDefinitions.DeleteUser" name="delUser" time="1.791"/>
</testsuite> <!-- stepDefinitions.DeleteUser -->
