<?xml version="1.0" encoding="UTF-8"?>
<!-- Generated by org.testng.reporters.JUnitReportReporter -->
<testsuite hostname="Shashanks-MBP" failures="0" tests="1" name="stepDefinitions.PATCHRequest" time="2.756" errors="0" timestamp="2025-06-11T17:48:44 EDT" skipped="0">
  <testcase classname="stepDefinitions.PATCHRequest" name="testPATCHRequest" time="2.756"/>
</testsuite> <!-- stepDefinitions.PATCHRequest -->
