<?xml version="1.0" encoding="UTF-8"?>
<!-- Generated by org.testng.reporters.JUnitReportReporter -->
<testsuite hostname="Shashanks-MBP" failures="0" tests="1" name="stepDefinitions.updateUser_PUT" time="2.276" errors="0" timestamp="2025-06-11T17:20:23 EDT" skipped="0">
  <testcase classname="stepDefinitions.updateUser_PUT" name="testPUTRequest" time="2.276"/>
</testsuite> <!-- stepDefinitions.updateUser_PUT -->
