<?xml version="1.0" encoding="UTF-8"?>
<!-- Generated by org.testng.reporters.JUnitReportReporter -->
<testsuite hostname="Shashanks-MBP" failures="0" tests="1" name="stepDefinitions.getUser" time="3.859" errors="0" timestamp="2025-06-11T17:23:50 EDT" skipped="0">
  <testcase classname="stepDefinitions.getUser" name="getUsermanually" time="3.859"/>
</testsuite> <!-- stepDefinitions.getUser -->
